WARNING 2026-02-25 09:43:41,480 [survey_util.py:741] survey_name包含特殊符号: NZM S1版本体验问卷清洗
INFO 2026-02-25 09:43:41,596 [script_all_run.py:34] survey_process: 698da726de6e6717710b3f42
INFO 2026-02-25 09:43:41,701 [survey_process.py:480] DEBUG CONFIG: [["城市", "rename", "q30"], ["手游品类活跃", "checkbox", [["MOBA类", "or", "q19_1=MOBA类（如王者荣耀、英雄联盟手游等）", "q20_1=王者荣耀", "q20_2=英雄联盟手游"], ["动作角色扮演ARPG类", "or", "q19_2=动作角色扮演／ARPG类（如DNFM、火影忍者、原神等）", "q20_15=永劫无间手游", "q20_21=DNF手游", "q20_22=火影忍者", "q20_23=原神", "q20_28=明日方舟：终末地", "q20_29=鸣潮"], ["射击类", "or", "q19_3=射击类（如穿越火线手游、使命召唤手游、和平精英等）", "q20_3=穿越火线：枪战王者", "q20_4=和平精英", "q20_5=使命召唤手游", "q20_6=暗区突围", "q20_7=三角洲行动手游", "q20_8=萤火突击", "q20_9=无畏契约手游", "q20_10=命运：群星", "q20_11=元气骑士"], ["沙盒类", "q19_4=沙盒类（如我的世界、迷你世界等）"], ["塔防类", "or", "q19_5=塔防类（如植物大战僵尸、保卫萝卜等）", "q20_19=明日方舟", "q20_20=保卫萝卜"], ["生存类", "or", "q19_6=生存类（如第五人格、明日之后等）", "q20_12=明日之后", "q20_13=七日世界", "q20_14=第五人格"], ["赛车体育类", "or", "q19_7=赛车／体育类（如QQ飞车手游、极品飞车等）", "q20_17=QQ飞车手游"], ["SLG战略类", "or", "q19_8=SLG战略类（如率土之滨、三国志战略版等）", "q20_26=三国：谋定天下", "q20_27=三国志：战略版"], ["卡牌RPG类", "or", "q19_9=卡牌RPG类（如阴阳师、明日方舟、剑与远征等）", "q20_24=崩坏：星穹铁道"], ["对战卡牌类", "or", "q19_10=对战卡牌类（如炉石传说、三国杀等）", "q20_16=金铲铲之战"], ["休闲益智类", "q19_11=休闲益智类（如汤姆猫跑酷、愤怒的小鸟等）"], ["消除类", "q19_12=消除类（如开心消消乐、天天爱消除等）"], ["模拟经营类", "q19_13=模拟经营类（如心动小镇、摩尔庄园等）"], ["回合制MMORPG类", "q19_14=回合制MMORPG类（如梦幻西游手游等）"], ["休闲竞技类", "or", "q19_15=休闲竞技类（如蛋仔派对、元梦之星等）", "q20_18=蛋仔派对"], ["即时制MMORPG类", "or", "q19_16=即时制MMORPG类（如逆水寒手游、天涯明月刀手游等）", "q20_25=逆水寒手游"], ["放置挂机类", "q19_17=放置挂机类（如寻道大千、一念逍遥等）"], ["肉鸽Roguelike类", "q19_18=肉鸽／Roguelike类（如月圆之夜、元气骑士等）"], ["棋牌类", "q19_19=棋牌类（如欢乐斗地主、欢乐麻将等）"], ["其他", "q19_20=其他，请注明"]]], ["端游品类活跃", "checkbox", [["MOBA类", "or", "q21_1=MOBA类（如英雄联盟、DOTA2等）", "q22_1=英雄联盟（LOL）"], ["射击类", "or", "q21_2=射击类（如CF、CS2、无畏契约、三角洲等）", "q22_4=命运2", "q22_5=星际战甲（Warframe）", "q22_6=无主之地系列", "q22_11=CSGO／CS2", "q22_12=无畏契约（Valorant）", "q22_13=守望先锋（Overwatch）", "q22_14=穿越火线（CF）", "q22_15=逆战", "q22_16=使命召唤系列", "q22_17=绝地求生（PUBG）", "q22_18=Apex 英雄", "q22_19=三角洲行动", "q22_20=漫威争锋", "q22_21=界外狂潮", "q22_22=解限机", "q22_23=绝地潜兵2", "q22_24=暗区突围：无限"], ["动作角色扮演ARPG类", "or", "q21_3=动作角色扮演／ARPG类（如DNF、黑神话等）", "q22_2=地下城与勇士（DNF）", "q22_3=暗黑破坏神系列", "q22_7=永劫无间", "q22_8=燕云十六声", "q22_9=黑神话悟空", "q22_10=怪物猎人系列", "q22_26=明日方舟：终末地", "q22_27=鸣潮"], ["回合制MMORPG", "q21_4=回合制MMORPG（如梦幻西游等）"], ["即时制MMORPG", "q21_5=即时制MMORPG（如魔兽世界、FF14等）"], ["卡牌RPG", "q21_6=卡牌RPG（如崩坏：星穹铁道等）"], ["对战卡牌类", "q21_7=对战卡牌类（如炉石传说、三国杀等）"], ["赛车体育类", "q21_8=赛车／体育类（如极品飞车、NBA2K等）"], ["生存类", "q21_9=生存类（如方舟：生存进化、RUST等）"], ["沙盒类", "q21_10=沙盒类（如我的世界、泰瑞拉亚等）"], ["模拟类", "q21_11=模拟类（如星露谷、城市天际线、动物园之星等）"], ["棋牌类", "q21_12=棋牌类（如欢乐斗地主、雀魂麻将等）"], ["休闲竞技类", "q21_13=休闲竞技类（如QQ堂、糖豆人等）"], ["肉鸽Roguelike类", "q21_14=肉鸽／Roguelike类（如哈迪斯、死亡细胞、雨中冒险2等）"], ["塔防类", "or", "q21_15=塔防类（如植物大战僵尸、王国保卫战等）", "q22_25=植物大战僵尸"], ["其他", "q21_16=其他，请注明"]]], ["活跃情况", "radio", [["新进用户", "q1=之前没玩过，最近两周刚开始玩"], ["回流用户", "q1=之前不玩了，最近两周回来玩"], ["持续活跃用户", "q1=最近1个月持续在玩"]]], ["NZM活跃平台", "radio", [["纯手机端", "q2=移动设备 （如智能手机、平板）"], ["纯pc端", "q2=电脑（如台式、笔记本）"], ["多栖", "q2=移动设备和电脑都用"]]], ["活跃情况xNZM活跃平台", "cross", ["活跃情况", "NZM活跃平台"]], ["端游经验", "checkbox", [["①非IP用户", "q16=没听说过|听说过但没玩过"], ["②IP经验用户", "q16=玩过，最近半年不玩了|最近半年持续在玩"], ["③IP流失用户", "q16=玩过，最近半年不玩了"], ["④IP活跃用户", "q16=最近半年持续在玩"], ["⑤IP非认知", "q16=没听说过"], ["⑥IP认知非经验", "q16=听说过但没玩过"]]], ["端游经验x", "checkbox", [["①非IP用户", "q16=没听说过|听说过但没玩过"], ["②IP经验用户", "q16=玩过，最近半年不玩了|最近半年持续在玩"]]], ["活跃情况x端游经验", "cross", ["活跃情况", "端游经验x"]], ["总体满意度", "rename", "q5"], ["总体满意度合并", "checkbox", [["总体评价高", "q5=比较满意|非常满意"], ["总体评价中低", "q5=非常不满意|不太满意|一般"]]], ["继续意愿", "rename", "q12"], ["继续意愿合并", "checkbox", [["继续意愿高", "q12=比较可能|非常可能"], ["继续意愿中低", "q12=非常不可能|不太可能|一般"]]], ["天赋满意度", "rename", "q9"], ["天赋满意度合并", "checkbox", [["总体评价高", "q9=比较满意|非常满意"], ["总体评价中低", "q9=非常不满意|不太满意|一般"]]], ["赛季等级", "rename", "q4"], ["NZ端游回流用户", "rename", "q17"], ["NZ端游回流用户合并", "checkbox", [["早期流失", "q17=2012年－2013年（公测／爆破／保卫战／机甲）|2014至2016年（大都会／樱之城／精绝古城）"], ["中期流失", "q17=2017至2019年（暮光古堡／再临大都会）|2020至2022年（十周年／古堡惊魂）"], ["近期流失", "q17=2023年－2025年（欢乐防线／深渊秘境）"]]], ["城市合并", "radio", [["一线城市", "q30=深圳|北京|上海|广州"], ["各省会城市（含直辖市天津重庆）", "q30=各省会城市（含直辖市：天津、重庆）"], ["地级城市", "q30=地级城市"], ["县级城市", "q30=县级城市"], ["乡镇农村", "q30=乡镇农村"]]], ["年龄", "checkbox", [["19岁及以下", "q29=12岁及以下|13|14|15|16|17|18|19"], ["20-24岁", "q29=20|21|22|23|24"], ["25-29岁", "q29=25|26|27|28|29"], ["30-34岁", "q29=30|31|32|33|34"], ["35岁及以上", "q29=35|36|37|38|39|40|41|42|43|44|45|46|47|48|49|50|51|52|53|54|55|56|57|58|59|60岁及以上"], ["未成年人", "q29=12岁及以下|13|14|15|16|17"]]], ["学历", "rename", "q32"], ["职业合并", "radio", [["学生党", "q31=小学／初中／高中在读|中专在读|大专在读|本科在读|研究生／博士在读"], ["上班族", "q31=企业公司员工|党政／事业单位／公务员|产业／服务业工人"], ["自由职业/个体经营者", "q31=自由职业者／个体经营者"], ["其他（务农、无业、退休、其他）", "q31=务农人员|无业人士|退休|其他"]]], ["q手游品类活跃", "rename", "手游品类活跃"], ["q端游品类活跃", "rename", "端游品类活跃"], ["q活跃情况", "rename", "活跃情况"], ["qNZM活跃平台", "rename", "NZM活跃平台"], ["q活跃情况xNZM活跃平台", "rename", "活跃情况xNZM活跃平台"], ["q端游经验", "rename", "端游经验"], ["q端游经验x", "rename", "端游经验x"], ["q活跃情况x端游经验", "rename", "活跃情况x端游经验"], ["q总体满意度", "rename", "总体满意度"], ["q总体满意度合并", "rename", "总体满意度合并"], ["q继续意愿", "rename", "继续意愿"], ["q继续意愿合并", "rename", "继续意愿合并"], ["q天赋满意度", "rename", "天赋满意度"], ["q天赋满意度合并", "rename", "天赋满意度合并"], ["q赛季等级", "rename", "赛季等级"], ["qNZ端游回流用户", "rename", "NZ端游回流用户"], ["qNZ端游回流用户合并", "rename", "NZ端游回流用户合并"], ["q城市合并", "rename", "城市合并"], ["q年龄", "rename", "年龄"], ["q学历", "rename", "学历"], ["q职业合并", "rename", "职业合并"]]
INFO 2026-02-25 09:43:41,792 [survey_process.py:481] ------------------------------读取数据--------------------------------
INFO 2026-02-25 09:43:43,546 [survey_process.py:493] -------------------------------自定义字段------------------------------
INFO 2026-02-25 09:43:43,651 [survey_process.py:152] 城市
INFO 2026-02-25 09:43:43,758 [survey_process.py:152] 手游品类活跃
INFO 2026-02-25 09:44:34,452 [survey_process.py:152] 端游品类活跃
INFO 2026-02-25 09:45:14,891 [survey_process.py:152] 活跃情况
INFO 2026-02-25 09:45:17,816 [survey_process.py:152] NZM活跃平台
INFO 2026-02-25 09:45:20,568 [survey_process.py:152] 活跃情况xNZM活跃平台
INFO 2026-02-25 09:45:25,004 [survey_process.py:152] 端游经验
INFO 2026-02-25 09:45:39,470 [survey_process.py:152] 端游经验x
INFO 2026-02-25 09:45:44,433 [survey_process.py:152] 活跃情况x端游经验
INFO 2026-02-25 09:45:59,731 [survey_process.py:152] 总体满意度
INFO 2026-02-25 09:45:59,862 [survey_process.py:152] 总体满意度合并
INFO 2026-02-25 09:46:05,218 [survey_process.py:152] 继续意愿
INFO 2026-02-25 09:46:05,439 [survey_process.py:152] 继续意愿合并
INFO 2026-02-25 09:46:10,628 [survey_process.py:152] 天赋满意度
INFO 2026-02-25 09:46:10,752 [survey_process.py:152] 天赋满意度合并
INFO 2026-02-25 09:46:16,030 [survey_process.py:152] 赛季等级
INFO 2026-02-25 09:46:16,411 [survey_process.py:152] NZ端游回流用户
INFO 2026-02-25 09:46:16,537 [survey_process.py:152] NZ端游回流用户合并
INFO 2026-02-25 09:46:24,575 [survey_process.py:152] 城市合并
INFO 2026-02-25 09:46:27,727 [survey_process.py:152] 年龄
INFO 2026-02-25 09:46:43,625 [survey_process.py:152] 学历
INFO 2026-02-25 09:46:43,854 [survey_process.py:152] 职业合并
INFO 2026-02-25 09:46:46,909 [survey_process.py:152] q手游品类活跃
INFO 2026-02-25 09:46:47,029 [survey_process.py:152] q端游品类活跃
INFO 2026-02-25 09:46:47,159 [survey_process.py:152] q活跃情况
INFO 2026-02-25 09:46:47,291 [survey_process.py:152] qNZM活跃平台
INFO 2026-02-25 09:46:47,419 [survey_process.py:152] q活跃情况xNZM活跃平台
INFO 2026-02-25 09:46:47,550 [survey_process.py:152] q端游经验
INFO 2026-02-25 09:46:47,692 [survey_process.py:152] q端游经验x
INFO 2026-02-25 09:46:47,824 [survey_process.py:152] q活跃情况x端游经验
INFO 2026-02-25 09:46:47,948 [survey_process.py:152] q总体满意度
INFO 2026-02-25 09:46:48,116 [survey_process.py:152] q总体满意度合并
INFO 2026-02-25 09:46:48,235 [survey_process.py:152] q继续意愿
INFO 2026-02-25 09:46:48,363 [survey_process.py:152] q继续意愿合并
INFO 2026-02-25 09:46:48,485 [survey_process.py:152] q天赋满意度
INFO 2026-02-25 09:46:48,629 [survey_process.py:152] q天赋满意度合并
INFO 2026-02-25 09:46:48,745 [survey_process.py:152] q赛季等级
INFO 2026-02-25 09:46:48,920 [survey_process.py:152] qNZ端游回流用户
INFO 2026-02-25 09:46:49,062 [survey_process.py:152] qNZ端游回流用户合并
INFO 2026-02-25 09:46:49,212 [survey_process.py:152] q城市合并
INFO 2026-02-25 09:46:49,392 [survey_process.py:152] q年龄
INFO 2026-02-25 09:46:49,548 [survey_process.py:152] q学历
INFO 2026-02-25 09:46:49,677 [survey_process.py:152] q职业合并
INFO 2026-02-25 09:46:49,881 [survey_process.py:504] -------------------------------数据筛选--------------------------------
INFO 2026-02-25 09:46:56,596 [survey_process.py:264] filter data : [[None, 104561, None, '2026-02-21 18:00:54', '2026-02-24 18:55:25'], ['1.填答时间小于60s', 103855, 706, '2026-02-21 18:01:26', '2026-02-24 18:55:25'], ['2.35岁及以上但职业为本科及以下学生的删除', 103630, 236, '2026-02-21 18:01:26', '2026-02-24 18:55:25'], ['3.18岁以下，公务员删除', 103554, 86, '2026-02-21 18:01:26', '2026-02-24 18:55:25'], ['4.40岁以下，却选择退休删除', 103097, 471, '2026-02-21 18:01:26', '2026-02-24 18:55:25'], ['5.年龄选择60或以上删除', 102175, 1040, '2026-02-21 18:01:26', '2026-02-24 18:55:25'], ['6.18岁以下，但最高学位为研究生/博士删除', 102097, 131, '2026-02-21 18:01:26', '2026-02-24 18:55:25'], ['7.小学/初中在读，但最高学历高于高中删除', 101354, 814, '2026-02-21 18:01:26', '2026-02-24 18:55:25'], ['8.中专/技校在读，但最高学历为本科/硕士/博士删除', 101217, 169, '2026-02-21 18:01:26', '2026-02-24 18:55:25'], ['9.q16=1-2，但q22=15的删去', 100711, 527, '2026-02-21 18:01:26', '2026-02-24 18:55:25'], ['10.q16=1，但q6=1的删去', 100450, 311, '2026-02-21 18:01:26', '2026-02-24 18:55:25'], ['11.q16=4，但q18=5的删去', 100365, 111, '2026-02-21 18:01:26', '2026-02-24 18:55:25'], ['12.新进，但赛季等级大于100级', 99314, 1154, '2026-02-21 18:01:26', '2026-02-24 18:55:25'], ['13.填答不完整的删除', 99314, 0, '2026-02-21 18:01:26', '2026-02-24 18:55:25']]
INFO 2026-02-25 09:46:56,754 [survey_process.py:507] -------------------------------计算权重--------------------------------
INFO 2026-02-25 09:46:56,912 [survey_process.py:510] -------------------------------再次数据筛选--------------------------------
INFO 2026-02-25 09:46:57,076 [survey_process.py:264] filter data : [[None, 104561, None, '2026-02-21 18:00:54', '2026-02-24 18:55:25'], ['1.填答时间小于60s', 103855, 706, '2026-02-21 18:01:26', '2026-02-24 18:55:25'], ['2.35岁及以上但职业为本科及以下学生的删除', 103630, 236, '2026-02-21 18:01:26', '2026-02-24 18:55:25'], ['3.18岁以下，公务员删除', 103554, 86, '2026-02-21 18:01:26', '2026-02-24 18:55:25'], ['4.40岁以下，却选择退休删除', 103097, 471, '2026-02-21 18:01:26', '2026-02-24 18:55:25'], ['5.年龄选择60或以上删除', 102175, 1040, '2026-02-21 18:01:26', '2026-02-24 18:55:25'], ['6.18岁以下，但最高学位为研究生/博士删除', 102097, 131, '2026-02-21 18:01:26', '2026-02-24 18:55:25'], ['7.小学/初中在读，但最高学历高于高中删除', 101354, 814, '2026-02-21 18:01:26', '2026-02-24 18:55:25'], ['8.中专/技校在读，但最高学历为本科/硕士/博士删除', 101217, 169, '2026-02-21 18:01:26', '2026-02-24 18:55:25'], ['9.q16=1-2，但q22=15的删去', 100711, 527, '2026-02-21 18:01:26', '2026-02-24 18:55:25'], ['10.q16=1，但q6=1的删去', 100450, 311, '2026-02-21 18:01:26', '2026-02-24 18:55:25'], ['11.q16=4，但q18=5的删去', 100365, 111, '2026-02-21 18:01:26', '2026-02-24 18:55:25'], ['12.新进，但赛季等级大于100级', 99314, 1154, '2026-02-21 18:01:26', '2026-02-24 18:55:25'], ['13.填答不完整的删除', 99314, 0, '2026-02-21 18:01:26', '2026-02-24 18:55:25']]
INFO 2026-02-25 09:47:00,565 [survey_process.py:528] -------------------------------清洗结束--------------------------------
INFO 2026-02-25 09:47:00,713 [script_all_run.py:37] check_data: 698da726de6e6717710b3f42
WARNING 2026-02-25 09:47:02,418 [check_data.py:44] q29 的opt中有未选值：{'60岁及以上'}, opts_set: {'45', '53', '59', '55', '47', '57', '13', '41', '43', '56', '27', '29', '20', '42', '49', '52', '51', '37', '39', '54', '14', '21', '32', '28', '34', '23', '16', '58', '12岁及以下', '50', '44', '31', '19', '33', '18', '48', '60岁及以上', '26', '15', '30', '17', '40', '46', '36', '35', '38', '25', '22', '24'}, data_set: {'45', '53', '59', '55', '47', '57', '13', '41', '43', '56', '27', '29', '20', '42', '49', '52', '51', '37', '39', '54', '14', '21', '32', '28', '34', '23', '16', '58', '12岁及以下', '50', '44', '31', '19', '33', '18', '48', '26', '15', '30', '17', '40', '46', '36', '35', '38', '25', '22', '24'}
INFO 2026-02-25 09:47:02,735 [script_all_run.py:40] calculate_cross: 698da726de6e6717710b3f42
INFO 2026-02-25 09:47:02,969 [survey_process_cross.py:44] -------------------------------交叉分析--------------------------------
INFO 2026-02-25 09:54:33,498 [survey_process_cross.py:37] cross 698da726de6e6717710b3f42 0 1 开始写数据: 0.010117605328559875GB
INFO 2026-02-25 09:54:34,427 [survey_process_cross.py:40] cross 698da726de6e6717710b3f42 0 1 结束
INFO 2026-02-25 09:54:34,545 [script_all_run.py:44] calculate_output: 698da726de6e6717710b3f42
INFO 2026-02-25 09:54:38,782 [script_all_run.py:47] indicator_output: 698da726de6e6717710b3f42
INFO 2026-02-25 09:54:41,489 [script_all_run.py:50] extra_output: 698da726de6e6717710b3f42
INFO 2026-02-25 09:57:38,528 [script_all_run.py:53] sort_opt_freq: 698da726de6e6717710b3f42
INFO 2026-02-25 09:57:51,792 [script_all_run.py:61] data_output: 698da726de6e6717710b3f42
INFO 2026-02-25 09:57:51,976 [data_output.py:157] download_report_file: 698da726de6e6717710b3f42
WARNING 2026-02-25 09:57:52,382 [survey_util.py:741] survey_name包含特殊符号: NZM S1版本体验问卷清洗
INFO 2026-02-25 09:57:52,617 [survey_util.py:959] download: ./问卷清洗交付/NZMS1版本体验问卷清洗/NZMS1版本体验问卷清洗_指标.xlsx
INFO 2026-02-25 09:57:52,914 [survey_util.py:959] download: ./问卷清洗交付/NZMS1版本体验问卷清洗/NZMS1版本体验问卷清洗_统计信息.xlsx
INFO 2026-02-25 09:57:53,350 [survey_util.py:959] download: ./问卷清洗交付/NZMS1版本体验问卷清洗/NZMS1版本体验问卷清洗_频数表.xlsx
INFO 2026-02-25 09:57:53,608 [survey_util.py:959] download: ./问卷清洗交付/NZMS1版本体验问卷清洗/NZMS1版本体验问卷清洗_频率表.xlsx
INFO 2026-02-25 09:57:53,858 [survey_util.py:959] download: ./问卷清洗交付/NZMS1版本体验问卷清洗/NZMS1版本体验问卷清洗_频率表_选项排序.xlsx
INFO 2026-02-25 09:57:54,138 [data_output.py:159] Download Completed...
INFO 2026-02-25 09:57:54,302 [script_all_run.py:64] script all run finished: 698da726de6e6717710b3f42
注意！读取本地配置而不是COS: /root/.openclaw/workspace/webdata-crawling/config/survey_cross_tab/698da726de6e6717710b3f42.yaml
_id 不在question_meta中
ip 不在question_meta中
client_id 不在question_meta中
user_agent 不在question_meta中
started_at 不在question_meta中
ended_at 不在question_meta中
answer_consumed 不在question_meta中
abnormal_end 不在question_meta中
answer_finished 不在question_meta中
effective 不在question_meta中
user_type 不在question_meta中
uid 不在question_meta中
uid_source 不在question_meta中
channel 不在question_meta中
languages 不在question_meta中
created_at 不在question_meta中
updated_at 不在question_meta中
adcode 不在question_meta中
browser 不在question_meta中
city 不在question_meta中
device 不在question_meta中
district 不在question_meta中
nation 不在question_meta中
os 不在question_meta中
province 不在question_meta中
source 不在question_meta中
indicators 不在question_meta中
q3t31 不在question_meta中
q6t15 不在question_meta中
q7t20 不在question_meta中
q11t9 不在question_meta中
q13t18 不在question_meta中
q14t13 不在question_meta中
q15t 不在question_meta中
q19t20 不在question_meta中
q21t16 不在question_meta中
q23t8 不在question_meta中
q24t5 不在question_meta中
q33t 不在question_meta中
q34t1 不在question_meta中
q34t2 不在question_meta中
权重0 不在question_meta中
注意！读取本地配置而不是COS: /root/.openclaw/workspace/webdata-crawling/config/sql_keywords.yaml
注意！读取本地配置而不是COS: /root/.openclaw/workspace/webdata-crawling/config/sql_keywords.yaml
注意！读取本地配置而不是COS: /root/.openclaw/workspace/webdata-crawling/config/survey_cross_tab/698da726de6e6717710b3f42.yaml
